<?xml version="1.0" encoding="UTF-8"?>
<robot generator="Robot 3.2.1 (Python 3.8.3 on win32)" generated="20200710 18:38:38.157" rpa="false">
<suite id="s1" name="TestCases" source="C:\Users\Sarvadnya\PycharmProjects\ECommerceWebsite\TestCases">
<suite id="s1-s1" name="TC001 Open ECommerceWebsite" source="C:\Users\Sarvadnya\PycharmProjects\ECommerceWebsite\TestCases\TC001_Open_ECommerceWebsite.robot">
<test id="s1-s1-t1" name="TC001 Open the Ecommerce Website">
<kw name="Open Browser" library="SeleniumLibrary">
<doc>Opens a new browser instance to the optional ``url``.</doc>
<arguments>
<arg>${url}</arg>
<arg>${browser}</arg>
</arguments>
<msg timestamp="20200710 18:38:39.048" level="INFO">Opening browser 'Chrome' to base url 'https://www.biba.in'.</msg>
<status status="PASS" starttime="20200710 18:38:39.048" endtime="20200710 18:38:47.692"></status>
</kw>
<kw name="Maximize Browser Window" library="SeleniumLibrary">
<doc>Maximizes current browser window.</doc>
<status status="PASS" starttime="20200710 18:38:47.695" endtime="20200710 18:38:52.606"></status>
</kw>
<kw name="Sleep" library="BuiltIn">
<doc>Pauses the test executed for the given time.</doc>
<arguments>
<arg>4s</arg>
</arguments>
<msg timestamp="20200710 18:38:56.619" level="INFO">Slept 4 seconds</msg>
<status status="PASS" starttime="20200710 18:38:52.618" endtime="20200710 18:38:56.620"></status>
</kw>
<status status="PASS" starttime="20200710 18:38:39.048" endtime="20200710 18:38:56.627" critical="yes"></status>
</test>
<doc>This Testcase verifies user able to open website or not.</doc>
<status status="PASS" starttime="20200710 18:38:38.251" endtime="20200710 18:38:56.657"></status>
</suite>
<suite id="s1-s2" name="TC002 Login Website" source="C:\Users\Sarvadnya\PycharmProjects\ECommerceWebsite\TestCases\TC002_Login_Website.robot">
<test id="s1-s2-t1" name="TC002 - Login to the Website">
<kw name="Open Excel Document" library="ExcelLibrary">
<doc>Opens xlsx document file.</doc>
<arguments>
<arg>filename=TestData.xlsx</arg>
<arg>doc_id=docid</arg>
</arguments>
<status status="PASS" starttime="20200710 18:38:59.774" endtime="20200710 18:38:59.814"></status>
</kw>
<kw name="Read Excel Cell" library="ExcelLibrary">
<doc>Returns content of a cell.</doc>
<arguments>
<arg>row_num=2</arg>
<arg>col_num=2</arg>
</arguments>
<assign>
<var>${a}</var>
</assign>
<msg timestamp="20200710 18:38:59.818" level="INFO">${a} = kdgaikwad020@gmail.com</msg>
<status status="PASS" starttime="20200710 18:38:59.817" endtime="20200710 18:38:59.818"></status>
</kw>
<kw name="Read Excel Cell" library="ExcelLibrary">
<doc>Returns content of a cell.</doc>
<arguments>
<arg>row_num=2</arg>
<arg>col_num=3</arg>
</arguments>
<assign>
<var>${b}</var>
</assign>
<msg timestamp="20200710 18:38:59.820" level="INFO">${b} = Maya#220699</msg>
<status status="PASS" starttime="20200710 18:38:59.819" endtime="20200710 18:38:59.821"></status>
</kw>
<kw name="Click Element" library="SeleniumLibrary">
<doc>Click the element identified by ``locator``.</doc>
<arguments>
<arg>xpath://*[@id="myaccount"]/div/div/a[1]</arg>
</arguments>
<msg timestamp="20200710 18:38:59.823" level="INFO">Clicking element 'xpath://*[@id="myaccount"]/div/div/a[1]'.</msg>
<status status="PASS" starttime="20200710 18:38:59.822" endtime="20200710 18:39:15.603"></status>
</kw>
<kw name="Input Text" library="SeleniumLibrary">
<doc>Types the given ``text`` into the text field identified by ``locator``.</doc>
<arguments>
<arg>xpath://*[@id="ctl00_ContentPlaceHolder1_ctl00_ctl01_Login1_UserName"]</arg>
<arg>${a}</arg>
</arguments>
<msg timestamp="20200710 18:39:15.605" level="INFO">Typing text 'kdgaikwad020@gmail.com' into text field 'xpath://*[@id="ctl00_ContentPlaceHolder1_ctl00_ctl01_Login1_UserName"]'.</msg>
<status status="PASS" starttime="20200710 18:39:15.604" endtime="20200710 18:39:16.876"></status>
</kw>
<kw name="Input Password" library="SeleniumLibrary">
<doc>Types the given password into the text field identified by ``locator``.</doc>
<arguments>
<arg>xpath://*[@id="ctl00_ContentPlaceHolder1_ctl00_ctl01_Login1_Password"]</arg>
<arg>${b}</arg>
</arguments>
<msg timestamp="20200710 18:39:16.878" level="INFO">Typing password into text field 'xpath://*[@id="ctl00_ContentPlaceHolder1_ctl00_ctl01_Login1_Password"]'.</msg>
<msg timestamp="20200710 18:39:17.019" level="INFO">Temporally setting log level to: NONE</msg>
<msg timestamp="20200710 18:39:17.371" level="INFO">Log level changed from NONE to INFO.</msg>
<status status="PASS" starttime="20200710 18:39:16.877" endtime="20200710 18:39:17.372"></status>
</kw>
<kw name="Click Button" library="SeleniumLibrary">
<doc>Clicks the button identified by ``locator``.</doc>
<arguments>
<arg>xpath://*[@id="ctl00_ContentPlaceHolder1_ctl00_ctl01_Login1_LoginImageButton"]</arg>
</arguments>
<msg timestamp="20200710 18:39:17.376" level="INFO">Clicking button 'xpath://*[@id="ctl00_ContentPlaceHolder1_ctl00_ctl01_Login1_LoginImageButton"]'.</msg>
<status status="PASS" starttime="20200710 18:39:17.376" endtime="20200710 18:39:23.316"></status>
</kw>
<status status="PASS" starttime="20200710 18:38:59.770" endtime="20200710 18:39:23.317" critical="yes"></status>
</test>
<doc>This TestCase Verifies user is able to login website or not.</doc>
<status status="PASS" starttime="20200710 18:38:56.701" endtime="20200710 18:39:23.323"></status>
</suite>
<suite id="s1-s3" name="TC003 Product Selection" source="C:\Users\Sarvadnya\PycharmProjects\ECommerceWebsite\TestCases\TC003_Product_Selection.robot">
<test id="s1-s3-t1" name="TC003 - import product name from excel sheet and search this product and then add to bag.">
<kw name="Read Excel Cell" library="ExcelLibrary">
<doc>Returns content of a cell.</doc>
<arguments>
<arg>row_num=2</arg>
<arg>col_num=4</arg>
</arguments>
<assign>
<var>${c}</var>
</assign>
<msg timestamp="20200710 18:39:23.369" level="INFO">${c} = Sky Blue Cotton Garara Suit Set</msg>
<status status="PASS" starttime="20200710 18:39:23.367" endtime="20200710 18:39:23.369"></status>
</kw>
<kw name="Click Element" library="SeleniumLibrary">
<doc>Click the element identified by ``locator``.</doc>
<arguments>
<arg>id:txtSearch</arg>
</arguments>
<msg timestamp="20200710 18:39:23.371" level="INFO">Clicking element 'id:txtSearch'.</msg>
<status status="PASS" starttime="20200710 18:39:23.370" endtime="20200710 18:39:23.684"></status>
</kw>
<kw name="Input Text" library="SeleniumLibrary">
<doc>Types the given ``text`` into the text field identified by ``locator``.</doc>
<arguments>
<arg>xpath://*[@id="txtSearch"]</arg>
<arg>${c}</arg>
</arguments>
<msg timestamp="20200710 18:39:23.686" level="INFO">Typing text 'Sky Blue Cotton Garara Suit Set' into text field 'xpath://*[@id="txtSearch"]'.</msg>
<status status="PASS" starttime="20200710 18:39:23.685" endtime="20200710 18:39:24.757"></status>
</kw>
<kw name="Click Element" library="SeleniumLibrary">
<doc>Click the element identified by ``locator``.</doc>
<arguments>
<arg>id:btnSearch</arg>
</arguments>
<msg timestamp="20200710 18:39:24.759" level="INFO">Clicking element 'id:btnSearch'.</msg>
<status status="PASS" starttime="20200710 18:39:24.758" endtime="20200710 18:39:24.986"></status>
</kw>
<kw name="Sleep" library="BuiltIn">
<doc>Pauses the test executed for the given time.</doc>
<arguments>
<arg>4s</arg>
</arguments>
<msg timestamp="20200710 18:39:29.003" level="INFO">Slept 4 seconds</msg>
<status status="PASS" starttime="20200710 18:39:24.991" endtime="20200710 18:39:29.003"></status>
</kw>
<kw name="Sleep" library="BuiltIn">
<doc>Pauses the test executed for the given time.</doc>
<arguments>
<arg>2s</arg>
</arguments>
<msg timestamp="20200710 18:39:31.031" level="INFO">Slept 2 seconds</msg>
<status status="PASS" starttime="20200710 18:39:29.003" endtime="20200710 18:39:31.031"></status>
</kw>
<kw name="Click Element" library="SeleniumLibrary">
<doc>Click the element identified by ``locator``.</doc>
<arguments>
<arg>xpath://*[@id="3241494"]/div[2]/div/div[2]/div/h2/a</arg>
</arguments>
<msg timestamp="20200710 18:39:31.049" level="INFO">Clicking element 'xpath://*[@id="3241494"]/div[2]/div/div[2]/div/h2/a'.</msg>
<status status="PASS" starttime="20200710 18:39:31.049" endtime="20200710 18:39:37.085"></status>
</kw>
<kw name="Sleep" library="BuiltIn">
<doc>Pauses the test executed for the given time.</doc>
<arguments>
<arg>3s</arg>
</arguments>
<msg timestamp="20200710 18:39:40.095" level="INFO">Slept 3 seconds</msg>
<status status="PASS" starttime="20200710 18:39:37.089" endtime="20200710 18:39:40.095"></status>
</kw>
<status status="PASS" starttime="20200710 18:39:23.364" endtime="20200710 18:39:40.095" critical="yes"></status>
</test>
<doc>This Testcase verifies user able to select product or not.</doc>
<status status="PASS" starttime="20200710 18:39:23.341" endtime="20200710 18:39:40.095"></status>
</suite>
<suite id="s1-s4" name="TC004 AddToCart" source="C:\Users\Sarvadnya\PycharmProjects\ECommerceWebsite\TestCases\TC004_AddToCart.robot">
<test id="s1-s4-t1" name="TC004- Add Product To Cart">
<kw name="Click Element" library="SeleniumLibrary">
<doc>Click the element identified by ``locator``.</doc>
<arguments>
<arg>xpath://*[@id="236992"]</arg>
</arguments>
<msg timestamp="20200710 18:39:40.140" level="INFO">Clicking element 'xpath://*[@id="236992"]'.</msg>
<status status="PASS" starttime="20200710 18:39:40.139" endtime="20200710 18:39:41.914"></status>
</kw>
<kw name="Click Button" library="SeleniumLibrary">
<doc>Clicks the button identified by ``locator``.</doc>
<arguments>
<arg>xpath://*[@id="pdmainDiv"]/div/div/div[1]/div/div[2]/div[5]/div[2]/div[2]/div/div[3]/div[1]/span[2]/input</arg>
</arguments>
<msg timestamp="20200710 18:39:41.917" level="INFO">Clicking button 'xpath://*[@id="pdmainDiv"]/div/div/div[1]/div/div[2]/div[5]/div[2]/div[2]/div/div[3]/div[1]/span[2]/input'.</msg>
<status status="PASS" starttime="20200710 18:39:41.915" endtime="20200710 18:39:42.286"></status>
</kw>
<kw name="Sleep" library="BuiltIn">
<doc>Pauses the test executed for the given time.</doc>
<arguments>
<arg>3s</arg>
</arguments>
<msg timestamp="20200710 18:39:45.295" level="INFO">Slept 3 seconds</msg>
<status status="PASS" starttime="20200710 18:39:42.294" endtime="20200710 18:39:45.295"></status>
</kw>
<kw name="Click Element" library="SeleniumLibrary">
<doc>Click the element identified by ``locator``.</doc>
<arguments>
<arg>id:QuickCart</arg>
</arguments>
<msg timestamp="20200710 18:39:45.297" level="INFO">Clicking element 'id:QuickCart'.</msg>
<status status="PASS" starttime="20200710 18:39:45.296" endtime="20200710 18:39:45.534"></status>
</kw>
<kw name="Sleep" library="BuiltIn">
<doc>Pauses the test executed for the given time.</doc>
<arguments>
<arg>4s</arg>
</arguments>
<msg timestamp="20200710 18:39:49.549" level="INFO">Slept 4 seconds</msg>
<status status="PASS" starttime="20200710 18:39:45.535" endtime="20200710 18:39:49.549"></status>
</kw>
<status status="PASS" starttime="20200710 18:39:40.136" endtime="20200710 18:39:49.549" critical="yes"></status>
</test>
<doc>This Testcase verifies user able to add product to cart.</doc>
<status status="PASS" starttime="20200710 18:39:40.111" endtime="20200710 18:39:49.579"></status>
</suite>
<suite id="s1-s5" name="TC005 Logout Website" source="C:\Users\Sarvadnya\PycharmProjects\ECommerceWebsite\TestCases\TC005_Logout_Website.robot">
<test id="s1-s5-t1" name="TC005 - Logout The Website">
<kw name="Sleep" library="BuiltIn">
<doc>Pauses the test executed for the given time.</doc>
<arguments>
<arg>3s</arg>
</arguments>
<msg timestamp="20200710 18:39:52.612" level="INFO">Slept 3 seconds</msg>
<status status="PASS" starttime="20200710 18:39:49.611" endtime="20200710 18:39:52.612"></status>
</kw>
<kw name="Click Element" library="SeleniumLibrary">
<doc>Click the element identified by ``locator``.</doc>
<arguments>
<arg>id:lblusrn</arg>
</arguments>
<msg timestamp="20200710 18:39:52.615" level="INFO">Clicking element 'id:lblusrn'.</msg>
<status status="PASS" starttime="20200710 18:39:52.614" endtime="20200710 18:39:52.836"></status>
</kw>
<kw name="Click Element" library="SeleniumLibrary">
<doc>Click the element identified by ``locator``.</doc>
<arguments>
<arg>xpath://*[@id="lnkLogout1"]</arg>
</arguments>
<msg timestamp="20200710 18:39:52.856" level="INFO">Clicking element 'xpath://*[@id="lnkLogout1"]'.</msg>
<status status="PASS" starttime="20200710 18:39:52.856" endtime="20200710 18:39:56.124"></status>
</kw>
<kw name="Sleep" library="BuiltIn">
<doc>Pauses the test executed for the given time.</doc>
<arguments>
<arg>2s</arg>
</arguments>
<msg timestamp="20200710 18:39:58.132" level="INFO">Slept 2 seconds</msg>
<status status="PASS" starttime="20200710 18:39:56.130" endtime="20200710 18:39:58.132"></status>
</kw>
<status status="PASS" starttime="20200710 18:39:49.608" endtime="20200710 18:39:58.137" critical="yes"></status>
</test>
<doc>This TestCase verifies user able to logout the website or not.</doc>
<status status="PASS" starttime="20200710 18:39:49.593" endtime="20200710 18:39:58.142"></status>
</suite>
<suite id="s1-s6" name="TC006 Close Browser" source="C:\Users\Sarvadnya\PycharmProjects\ECommerceWebsite\TestCases\TC006_Close_Browser.robot">
<test id="s1-s6-t1" name="TC006 - This TestCase check user able to close browser or not..">
<kw name="Close Browser" library="SeleniumLibrary">
<doc>Closes the current browser.</doc>
<status status="PASS" starttime="20200710 18:39:58.188" endtime="20200710 18:40:00.933"></status>
</kw>
<status status="PASS" starttime="20200710 18:39:58.184" endtime="20200710 18:40:00.949" critical="yes"></status>
</test>
<status status="PASS" starttime="20200710 18:39:58.157" endtime="20200710 18:40:00.964"></status>
</suite>
<status status="PASS" starttime="20200710 18:38:38.157" endtime="20200710 18:40:01.011"></status>
</suite>
<statistics>
<total>
<stat pass="6" fail="0">Critical Tests</stat>
<stat pass="6" fail="0">All Tests</stat>
</total>
<tag>
</tag>
<suite>
<stat pass="6" fail="0" id="s1" name="TestCases">TestCases</stat>
<stat pass="1" fail="0" id="s1-s1" name="TC001 Open ECommerceWebsite">TestCases.TC001 Open ECommerceWebsite</stat>
<stat pass="1" fail="0" id="s1-s2" name="TC002 Login Website">TestCases.TC002 Login Website</stat>
<stat pass="1" fail="0" id="s1-s3" name="TC003 Product Selection">TestCases.TC003 Product Selection</stat>
<stat pass="1" fail="0" id="s1-s4" name="TC004 AddToCart">TestCases.TC004 AddToCart</stat>
<stat pass="1" fail="0" id="s1-s5" name="TC005 Logout Website">TestCases.TC005 Logout Website</stat>
<stat pass="1" fail="0" id="s1-s6" name="TC006 Close Browser">TestCases.TC006 Close Browser</stat>
</suite>
</statistics>
<errors>
</errors>
</robot>
