<?xml version="1.0" encoding="UTF-8"?>
<robot generator="Robot 3.2.1 (Python 3.8.3 on win32)" generated="20200710 14:03:29.359" rpa="false">
<suite id="s1" name="TC001 Open ECommerceWebsite" source="C:\Users\Sarvadnya\PycharmProjects\ECommerceWebsite\TestCases\TC001_Open_ECommerceWebsite.robot">
<test id="s1-t1" name="TC001 Broser Start and Close">
<kw name="Open Browser" library="SeleniumLibrary">
<doc>Opens a new browser instance to the optional ``url``.</doc>
<arguments>
<arg>${url}</arg>
<arg>${browser}</arg>
</arguments>
<msg timestamp="20200710 14:03:30.187" level="INFO">Opening browser 'Chrome' to base url 'https://www.biba.in'.</msg>
<status status="PASS" starttime="20200710 14:03:30.187" endtime="20200710 14:03:49.408"></status>
</kw>
<kw name="Maximize Browser Window" library="SeleniumLibrary">
<doc>Maximizes current browser window.</doc>
<status status="PASS" starttime="20200710 14:03:49.410" endtime="20200710 14:03:50.759"></status>
</kw>
<status status="PASS" starttime="20200710 14:03:30.172" endtime="20200710 14:03:50.760" critical="yes"></status>
</test>
<status status="PASS" starttime="20200710 14:03:29.359" endtime="20200710 14:03:50.772"></status>
</suite>
<statistics>
<total>
<stat pass="1" fail="0">Critical Tests</stat>
<stat pass="1" fail="0">All Tests</stat>
</total>
<tag>
</tag>
<suite>
<stat pass="1" fail="0" id="s1" name="TC001 Open ECommerceWebsite">TC001 Open ECommerceWebsite</stat>
</suite>
</statistics>
<errors>
</errors>
</robot>
